[debug] [2019-04-02T11:55:56.764Z] ----------------------------------------------------------------------
[debug] [2019-04-02T11:55:56.764Z] Command:       C:\Program Files\nodejs\node.exe C:\Users\administrador.LOPEZAMOR\AppData\Roaming\npm\node_modules\firebase-tools\lib\bin\firebase.js login
[debug] [2019-04-02T11:55:56.764Z] CLI Version:   6.5.0
[debug] [2019-04-02T11:55:56.764Z] Platform:      win32
[debug] [2019-04-02T11:55:56.764Z] Node Version:  v9.4.0
[debug] [2019-04-02T11:55:56.764Z] Time:          Tue Apr 02 2019 13:55:56 GMT+0200 (Hora de verano romance)
[debug] [2019-04-02T11:55:56.764Z] ----------------------------------------------------------------------
[debug] 
[info] 
[info] Visit this URL on any device to log in:
[info] https://accounts.google.com/o/oauth2/auth?client_id=563584335869-fgrhgmd47bqnekij5i8b5pr03ho849e6.apps.googleusercontent.com&scope=email%20openid%20https%3A%2F%2Fwww.googleapis.com%2Fauth%2Fcloudplatformprojects.readonly%20https%3A%2F%2Fwww.googleapis.com%2Fauth%2Ffirebase%20https%3A%2F%2Fwww.googleapis.com%2Fauth%2Fcloud-platform&response_type=code&state=1013034015&redirect_uri=http%3A%2F%2Flocalhost%3A9005
[info] 
[info] Waiting for authentication...
[debug] [2019-04-02T11:56:23.868Z] Unable to open URL: Error: Exited with code 1
    at ChildProcess.cp.once.code (C:\Users\administrador.LOPEZAMOR\AppData\Roaming\npm\node_modules\firebase-tools\node_modules\opn\index.js:85:13)
    at Object.onceWrapper (events.js:255:19)
    at ChildProcess.emit (events.js:160:13)
    at maybeClose (internal/child_process.js:943:16)
    at Socket.stream.socket.on (internal/child_process.js:363:11)
    at Socket.emit (events.js:160:13)
    at Pipe._handle.close [as _onclose] (net.js:559:12)
[debug] [2019-04-03T07:48:51.119Z] ----------------------------------------------------------------------
[debug] [2019-04-03T07:48:51.291Z] Command:       C:\Program Files\nodejs\node.exe C:\Users\administrador.LOPEZAMOR\AppData\Roaming\npm\node_modules\firebase-tools\lib\bin\firebase.js login
[debug] [2019-04-03T07:48:51.291Z] CLI Version:   6.5.0
[debug] [2019-04-03T07:48:51.291Z] Platform:      win32
[debug] [2019-04-03T07:48:51.291Z] Node Version:  v9.4.0
[debug] [2019-04-03T07:48:51.353Z] Time:          Wed Apr 03 2019 09:48:51 GMT+0200 (Hora de verano romance)
[debug] [2019-04-03T07:48:51.353Z] ----------------------------------------------------------------------
[debug] 
[info] 
[info] Visit this URL on any device to log in:
[info] https://accounts.google.com/o/oauth2/auth?client_id=563584335869-fgrhgmd47bqnekij5i8b5pr03ho849e6.apps.googleusercontent.com&scope=email%20openid%20https%3A%2F%2Fwww.googleapis.com%2Fauth%2Fcloudplatformprojects.readonly%20https%3A%2F%2Fwww.googleapis.com%2Fauth%2Ffirebase%20https%3A%2F%2Fwww.googleapis.com%2Fauth%2Fcloud-platform&response_type=code&state=397958088&redirect_uri=http%3A%2F%2Flocalhost%3A9005
[info] 
[info] Waiting for authentication...
[debug] [2019-04-03T07:50:01.752Z] Unable to open URL: Error: Exited with code 1
    at ChildProcess.cp.once.code (C:\Users\administrador.LOPEZAMOR\AppData\Roaming\npm\node_modules\firebase-tools\node_modules\opn\index.js:85:13)
    at Object.onceWrapper (events.js:255:19)
    at ChildProcess.emit (events.js:160:13)
    at maybeClose (internal/child_process.js:943:16)
    at Socket.stream.socket.on (internal/child_process.js:363:11)
    at Socket.emit (events.js:160:13)
    at Pipe._handle.close [as _onclose] (net.js:559:12)
